[06/08/24-15:46:49] LogInit: info: Initializing Project Reboot!
[06/08/24-15:46:49] LogDev: info: Built on Jun  2 2024 14:43:08
[06/08/24-15:46:49] LogDev: info: Offset_Internal: 0x44
[06/08/24-15:46:49] LogDev: info: SuperStruct: 0x30
[06/08/24-15:46:49] LogDev: info: Children: 0x38
[06/08/24-15:46:49] LogDev: info: PropertiesSize: 0x40
[06/08/24-15:46:49] LogDev: info: Func: 0xb0
[06/08/24-15:46:49] LogDev: info: ServerReplicateActors: 0x53
[06/08/24-15:46:49] LogDev: info: ReplicationFrame: 0x0
[06/08/24-15:46:49] LogDev: info: ClientWorldPackageName: 0x0
[06/08/24-15:46:49] LogDev: info: NetworkObjectList: 0x0
[06/08/24-15:46:49] LogDev: info: IsNetRelevantFor: 0x0
[06/08/24-15:46:49] LogDev: info: Script: 0x48
[06/08/24-15:46:49] LogDev: info: PropertyClass: 0x0
[06/08/24-15:46:49] LogDev: info: Finding ProcessEvent
[06/08/24-15:46:49] LogDev: info: Finding StaticFindObject
[06/08/24-15:46:49] LogDev: info: StaticFindObject: 0x154fc40
[06/08/24-15:46:49] LogDev: info: Finding GetPlayerViewpoint
[06/08/24-15:46:49] LogDev: info: Finding CreateNetDriver
[06/08/24-15:46:49] LogDev: info: Finding InitHost
[06/08/24-15:46:49] LogDev: info: Finding PauseBeaconRequests
[06/08/24-15:46:49] LogDev: info: Finding SpawnActor
[06/08/24-15:46:49] LogDev: info: Finding InitListen
[06/08/24-15:46:49] LogDev: info: Finding SetWorld
[06/08/24-15:46:49] LogDev: info: Finding KickPlayer
[06/08/24-15:46:49] LogDev: info: Finding TickFlush
[06/08/24-15:46:49] LogDev: info: Finding GetNetMode
[06/08/24-15:46:49] LogDev: info: CallToFunc: 0x22363e1
[06/08/24-15:46:49] LogDev: info: Finding Realloc
[06/08/24-15:46:49] LogDev: info: Finding CollectGarbage
[06/08/24-15:46:49] LogDev: info: Finding NoMCP
[06/08/24-15:46:49] LogDev: info: Finding PickTeam
[06/08/24-15:46:49] LogDev: info: Finding InternalTryActivateAbility
[06/08/24-15:46:49] LogDev: info: Finding GiveAbility
[06/08/24-15:46:49] LogDev: info: Finding CantBuild
[06/08/24-15:46:50] LogDev: info: Finding ReplaceBuildingActor
[06/08/24-15:46:50] LogDev: info: Finding GiveAbilityAndActivateOnce
[06/08/24-15:46:50] LogDev: info: Finding OnDamageServer
[06/08/24-15:46:50] LogDev: info: FindFunctionCall NameRef: 0x10d5e31
[06/08/24-15:46:50] LogDev: info: Finding StaticLoadObject
[06/08/24-15:46:50] LogDev: info: Finding ActorGetNetMode
[06/08/24-15:46:50] LogDev: info: Finding ChangeGameSessionId
[06/08/24-15:46:50] LogDev: info: Finding DispatchRequest
[06/08/24-15:46:50] LogDev: info: Finding AddNavigationSystemToWorld
[06/08/24-15:46:50] LogDev: info: Finding NavSystemCleanUp
[06/08/24-15:46:50] LogDev: info: Finding LoadPlayset
[06/08/24-15:46:50] LogDev: info: Finding SetZoneToIndex
[06/08/24-15:46:50] LogDev: info: Finding CompletePickupAnimation
[06/08/24-15:46:50] LogDev: info: Finding CanActivateAbility
[06/08/24-15:46:50] LogDev: info: Finding SpecConstructor
[06/08/24-15:46:50] LogDev: info: Finding FrameStep
[06/08/24-15:46:50] LogDev: info: Finding ObjectArray
[06/08/24-15:46:50] LogDev: info: Finding ReplicateActor
[06/08/24-15:46:50] LogDev: info: Finding SetChannelActor
[06/08/24-15:46:50] LogDev: info: Finding SendClientAdjustment
[06/08/24-15:46:50] LogDev: info: Finding CreateChannel
[06/08/24-15:46:50] LogDev: info: Finding CallPreReplication
[06/08/24-15:46:50] LogDev: info: Finding OnRep_ZiplineState
[06/08/24-15:46:50] LogDev: info: Finding GetMaxTickRate
[06/08/24-15:46:50] LogDev: info: Finding RemoveFromAlivePlayers
[06/08/24-15:46:50] LogDev: info: Finding ActorChannelClose
[06/08/24-15:46:50] LogDev: info: Finding StepExplicitProperty
[06/08/24-15:46:50] LogDev: info: Finding Free
[06/08/24-15:46:50] LogDev: info: Finding ClearAbility
[06/08/24-15:46:50] LogDev: info: Finding ApplyGadgetData
[06/08/24-15:46:50] LogDev: info: Finding RemoveGadgetData
[06/08/24-15:46:50] LogDev: info: RemoveGadgetData: 0xd4b960
[06/08/24-15:46:51] LogDev: info: Finding GetInterfaceAddress
[06/08/24-15:46:51] LogDev: info: Finding ApplyCharacterCustomization
[06/08/24-15:46:51] LogDev: info: Finding EnterAircraft
[06/08/24-15:46:51] LogDev: info: Finding SetTimer
[06/08/24-15:46:51] LogDev: info: Finding PickupInitialize
[06/08/24-15:46:51] LogMemory: warning: Failed to find 48 89 5C 24 ? 48 89 6C 24 ? 48 89 74 24 ? 41 56 48 83 EC 20 80 B9 ? ? ? ? ? 45 0F B6 F1 49 8B E8
[06/08/24-15:46:51] LogDev: info: Finding FreeEntry
[06/08/24-15:46:51] LogDev: info: Finding FreeArrayOfEntries
[06/08/24-15:46:51] LogDev: info: Finding UpdateTrackedAttributesLea
[06/08/24-15:46:51] LogMemory: warning: Failed to find 48 85 D2 0F 84 ? ? ? ? 55 41 54 41 55 41 57 48 8D 6C 24
[06/08/24-15:46:51] LogDev: info: Finding CombinePickupLea
[06/08/24-15:46:51] LogDev: info: Finding CreateBuildingActorCallForDeco
[06/08/24-15:46:51] LogDev: info: Finding PickSupplyDropLocation
[06/08/24-15:46:51] LogDev: info: Finding LoadAsset
[06/08/24-15:46:51] LogDev: info: Finding RebootingDelegate
[06/08/24-15:46:51] LogDev: info: Finding GetSquadIdForCurrentPlayer
[06/08/24-15:46:51] LogDev: info: Finding FinishResurrection
[06/08/24-15:46:51] LogDev: info: Finding AddToAlivePlayers
[06/08/24-15:46:51] LogDev: info: Finding StartAircraftPhase
[06/08/24-15:46:51] LogDev: info: Found call 0xa19a36
[06/08/24-15:46:51] LogDev: info: Found call 0xa19a42
[06/08/24-15:46:51] LogDev: info: Finding GIsClient
[06/08/24-15:46:51] LogDev: info: Found GIsClient with byte 0xc6
[06/08/24-15:46:51] LogDev: info: Applying GameSessionPatch
[06/08/24-15:46:51] LogFinder: warning: Unable to find GamePhaseStepString!
[06/08/24-15:46:51] LogDev: info: ByteToPatch: 0xa470e6
[06/08/24-15:46:51] LogDev: info: Finished finding!
[06/08/24-15:46:51] LogDev: info: Base: 0x7ff7cbee0000
[06/08/24-15:46:51] LogDev: info: ProcessEvent: 0x1529d50
[06/08/24-15:46:51] LogDev: info: StaticFindObject: 0x154fc40
[06/08/24-15:46:51] LogDev: info: GetPlayerViewpoint: 0x2430f40
[06/08/24-15:46:51] LogDev: info: CreateNetDriver: 0xffff800834120000
[06/08/24-15:46:51] LogDev: info: InitHost: 0x355890
[06/08/24-15:46:51] LogDev: info: PauseBeaconRequests: 0xdd4e10
[06/08/24-15:46:51] LogDev: info: SpawnActor: 0x22bc590
[06/08/24-15:46:51] LogDev: info: InitListen: 0x355c70
[06/08/24-15:46:51] LogDev: info: SetWorld: 0x232d520
[06/08/24-15:46:51] LogDev: info: KickPlayer: 0x2203510
[06/08/24-15:46:51] LogDev: info: TickFlush: 0x232e8c0
[06/08/24-15:46:51] LogDev: info: GetNetMode: 0x25d2a70
[06/08/24-15:46:51] LogDev: info: Realloc: 0x12ebaa0
[06/08/24-15:46:51] LogDev: info: CollectGarbage: 0x14cf030
[06/08/24-15:46:51] LogDev: info: NoMCP: 0xcbf690
[06/08/24-15:46:51] LogDev: info: PickTeam: 0xa265e0
[06/08/24-15:46:51] LogDev: info: InternalTryActivateAbility: 0x537140
[06/08/24-15:46:51] LogDev: info: GiveAbility: 0x535b30
[06/08/24-15:46:51] LogDev: info: CantBuild: 0xc77c00
[06/08/24-15:46:51] LogDev: info: ReplaceBuildingActor: 0xafb040
[06/08/24-15:46:51] LogDev: info: GiveAbilityAndActivateOnce: 0x535c50
[06/08/24-15:46:51] LogDev: info: OnDamageServer: 0x10d5c20
[06/08/24-15:46:51] LogDev: info: StaticLoadObject: 0x1551720
[06/08/24-15:46:51] LogDev: info: ActorGetNetMode: 0xffff800834120000
[06/08/24-15:46:51] LogDev: info: ChangeGameSessionId: 0xc515c0
[06/08/24-15:46:51] LogDev: info: DispatchRequest: 0x814690
[06/08/24-15:46:51] LogDev: info: AddNavigationSystemToWorld: 0xffff800834120000
[06/08/24-15:46:51] LogDev: info: NavSystemCleanUp: 0xffff800834120000
[06/08/24-15:46:51] LogDev: info: LoadPlayset: 0xffff800834120000
[06/08/24-15:46:51] LogDev: info: SetZoneToIndex: 0xa31c60
[06/08/24-15:46:51] LogDev: info: CompletePickupAnimation: 0xd62dc0
[06/08/24-15:46:51] LogDev: info: CanActivateAbility: 0xffff800834120000
[06/08/24-15:46:51] LogDev: info: SpecConstructor: 0x1099aa0
[06/08/24-15:46:51] LogDev: info: FrameStep: 0x152c320
[06/08/24-15:46:51] LogDev: info: ObjectArray: 0x4cd0ab0
[06/08/24-15:46:51] LogDev: info: ReplicateActor: 0xffff800834120000
[06/08/24-15:46:51] LogDev: info: SetChannelActor: 0xffff800834120000
[06/08/24-15:46:51] LogDev: info: SendClientAdjustment: 0x243b100
[06/08/24-15:46:51] LogDev: info: CreateChannel: 0xffff800834120000
[06/08/24-15:46:51] LogDev: info: CallPreReplication: 0xffff800834120000
[06/08/24-15:46:51] LogDev: info: OnRep_ZiplineState: 0xffff800834120000
[06/08/24-15:46:51] LogDev: info: GetMaxTickRate: 0x257e1a0
[06/08/24-15:46:51] LogDev: info: RemoveFromAlivePlayers: 0xa2ace0
[06/08/24-15:46:51] LogDev: info: ActorChannelClose: 0x2187590
[06/08/24-15:46:51] LogDev: info: FrameStepExplicitProperty: 0x152c350
[06/08/24-15:46:51] LogDev: info: Free: 0x12de960
[06/08/24-15:46:51] LogDev: info: ClearAbility: 0x52b5f0
[06/08/24-15:46:51] LogDev: info: ApplyGadgetData: 0xd48fb0
[06/08/24-15:46:51] LogDev: info: RemoveGadgetData: 0xd4b960
[06/08/24-15:46:51] LogDev: info: GetInterfaceAddress: 0x15431d0
[06/08/24-15:46:51] LogDev: info: ApplyCharacterCustomization: 0xf8ca60
[06/08/24-15:46:51] LogDev: info: EnterAircraft: 0xa4eba0
[06/08/24-15:46:51] LogDev: info: SetTimer: 0xffff800834120000
[06/08/24-15:46:51] LogDev: error: Failed to find PickupInitialize
[06/08/24-15:46:51] LogDev: info: FreeEntry: 0xa426a0
[06/08/24-15:46:51] LogDev: info: FreeArrayOfEntries: 0xffff800834120000
[06/08/24-15:46:51] LogDev: info: UpdateTrackedAttributesLea: 0xffff800834120000
[06/08/24-15:46:51] LogDev: info: CombinePickupLea: 0xd79eaf
[06/08/24-15:46:51] LogDev: info: CreateBuildingActorCallForDeco: 0xffff800834120000
[06/08/24-15:46:51] LogDev: info: PickSupplyDropLocation: 0xa264b0
[06/08/24-15:46:51] LogDev: info: LoadAsset: 0xffff800834120000
[06/08/24-15:46:51] LogDev: info: RebootingDelegate: 0xffff800834120000
[06/08/24-15:46:51] LogDev: info: GetSquadIdForCurrentPlayer: 0xdc7110
[06/08/24-15:46:51] LogDev: info: FinishResurrection: 0xffff800834120000
[06/08/24-15:46:51] LogDev: info: AddToAlivePlayers: 0xa11f08
[06/08/24-15:46:51] LogDev: info: GetSessionInterface: 0xffff800834120000
[06/08/24-15:46:51] LogDev: info: StartAircraftPhase: 0xa30bf0
[06/08/24-15:46:51] LogDev: info: Fortnite_CL: 0
[06/08/24-15:46:51] LogDev: info: Fortnite_Version: 4
[06/08/24-15:46:51] LogDev: info: Engine_Version: 420
[06/08/24-15:46:56] LogDev: info: Hooking 0xcbf690
[06/08/24-15:46:56] LogDev: info: Hooking 0x25d2a70
[06/08/24-15:46:56] LogDev: info: Hooking 0x814690
[06/08/24-15:46:56] LogDev: info: Hooking 0x2203510
[06/08/24-15:46:56] LogDev: info: Size: 0x50
[06/08/24-15:46:56] LogDev: info: Hooking 0x-7ff7cbee0000
[06/08/24-15:46:56] LogDev: info: RetrieveCharacterPartsAddr: 140702266006640
[06/08/24-15:46:56] LogDev: info: Applied RetrieveCharacterParts patch!
[06/08/24-15:46:56] LogDev: info: Found GIsClient with byte 0xc6
[06/08/24-15:46:56] LogDev: info: FindGIsClient(): 0x4bc6197
[06/08/24-15:46:56] LogDev: info: Using open Athena_Terrain.
[06/08/24-15:46:56] LogDev: info: Got PC: 2297719870816
[06/08/24-15:46:56] LogDev: info: Found GIsClient with byte 0xc6
[06/08/24-15:46:56] LogDev: info: Found GIsClient with byte 0xc6
[06/08/24-15:46:56] LogPlayer: info: Switched level.
[06/08/24-15:46:56] LogDev: info: Switch levels.
[06/08/24-15:46:56] LogDev: info: Getting name!
[06/08/24-15:46:56] LogDev: info: [ServerCheatAll] bHasValidateFunc: true
[06/08/24-15:46:56] LogDev: info: Nulling 0xa977b0
[06/08/24-15:46:56] LogDev: info: Nulling 0xc515c0
[06/08/24-15:46:56] LogDev: info: Nulling 0xf774e0
[06/08/24-15:46:57] LogMatchmaker: info: Matchmaking will be supported
[06/08/24-15:46:57] LogDev: info: Getting name!
[06/08/24-15:46:57] LogDev: info: [ReadyToStartMatch] bHasValidateFunc: false
[06/08/24-15:46:57] LogDev: info: Hooking ReadyToStartMatch with Idx 0x7e8 (0xa29f00)
[06/08/24-15:46:57] LogDev: info: Getting name!
[06/08/24-15:46:57] LogDev: info: [OnAircraftEnteredDropZone] bHasValidateFunc: false
[06/08/24-15:46:57] LogDev: info: Hooking 0xa23ad0
[06/08/24-15:46:57] LogDev: info: Getting name!
[06/08/24-15:46:57] LogDev: info: [SpawnDefaultPawnFor] bHasValidateFunc: false
[06/08/24-15:46:57] LogDev: info: Hooking SpawnDefaultPawnFor with Idx 0x608 (0xa30100)
[06/08/24-15:46:57] LogDev: info: Getting name!
[06/08/24-15:46:57] LogDev: info: [HandleStartingNewPlayer] bHasValidateFunc: false
[06/08/24-15:46:57] LogDev: info: Hooking HandleStartingNewPlayer with Idx 0x638 (0xc0b200)
[06/08/24-15:46:57] LogDev: info: Hooking Exec ServerAttemptInteract at 0x1204ae0
[06/08/24-15:46:57] LogDev: info: Getting name!
[06/08/24-15:46:57] LogDev: info: Presetup!
[06/08/24-15:46:57] LogDev: info: Getting playlist!
[06/08/24-15:46:57] LogDev: info: Got playlist!
[06/08/24-15:46:57] LogDev: info: Finished presetup!
[06/08/24-15:46:57] LogDev: info: [ServerAcknowledgePossession] bHasValidateFunc: true
[06/08/24-15:46:57] LogDev: info: Hooking ServerAcknowledgePossession with Idx 0x820 (0x243b430)
[06/08/24-15:46:57] LogDev: info: OnRep_EditActor Offset: 0x10b1a00
[06/08/24-15:46:57] LogDev: info: Getting name!
[06/08/24-15:46:57] LogDev: info: [ServerReturnToMainMenu] bHasValidateFunc: true
[06/08/24-15:46:57] LogDev: info: Getting name!
[06/08/24-15:46:57] LogDev: info: [ServerSuicide] bHasValidateFunc: true
[06/08/24-15:46:57] LogDev: info: Hooking ServerSuicide with Idx 0x1258 (0xfab350)
[06/08/24-15:46:57] LogDev: info: Hooking Exec PrintString at 0x268ec10
[06/08/24-15:46:57] LogDev: info: Hooking 0xdc7110
[06/08/24-15:46:57] LogDev: info: OnPlayImpactFX: 0x127a040
[06/08/24-15:46:57] LogDev: info: Hooking 0x127a040
[06/08/24-15:46:57] LogDev: info: Getting name!
[06/08/24-15:46:57] LogDev: info: [ServerAttemptInventoryDrop] bHasValidateFunc: true
[06/08/24-15:46:57] LogDev: info: Hooking ServerAttemptInventoryDrop with Idx 0xfb8 (0x2594250)
[06/08/24-15:46:57] LogDev: info: Getting name!
[06/08/24-15:46:57] LogDev: info: [ServerCheat] bHasValidateFunc: true
[06/08/24-15:46:57] LogDev: info: Hooking ServerCheat with Idx 0xd78 (0x2594250)
[06/08/24-15:46:57] LogDev: info: Getting name!
[06/08/24-15:46:57] LogDev: info: [ServerExecuteInventoryItem] bHasValidateFunc: true
[06/08/24-15:46:57] LogDev: info: Hooking ServerExecuteInventoryItem with Idx 0xf28 (0x2594250)
[06/08/24-15:46:57] LogDev: info: Getting name!
[06/08/24-15:46:57] LogDev: info: [ServerPlayEmoteItem] bHasValidateFunc: true
[06/08/24-15:46:57] LogDev: info: Hooking ServerPlayEmoteItem with Idx 0xd98 (0x2594250)
[06/08/24-15:46:57] LogDev: info: Getting name!
[06/08/24-15:46:57] LogDev: info: [ServerPlaySprayItem] bHasValidateFunc: true
[06/08/24-15:46:57] LogDev: info: Hooking ServerPlaySprayItem with Idx 0xd88 (0x2594250)
[06/08/24-15:46:57] LogDev: info: Getting name!
[06/08/24-15:46:57] LogDev: info: [ServerRepairBuildingActor] bHasValidateFunc: true
[06/08/24-15:46:57] LogDev: info: Hooking ServerRepairBuildingActor with Idx 0xfe8 (0x2594250)
[06/08/24-15:46:57] LogDev: info: Hooking Exec ServerCreateBuildingActor at 0x1205500
[06/08/24-15:46:57] LogDev: info: Getting name!
[06/08/24-15:46:58] LogDev: info: [ServerBeginEditingBuildingActor] bHasValidateFunc: true
[06/08/24-15:46:58] LogDev: info: Hooking ServerBeginEditingBuildingActor with Idx 0x1038 (0x2594250)
[06/08/24-15:46:58] LogDev: info: Hooking Exec ServerEditBuildingActor at 0x1205a70
[06/08/24-15:46:58] LogDev: info: Getting name!
[06/08/24-15:46:58] LogDev: info: [ServerEndEditingBuildingActor] bHasValidateFunc: true
[06/08/24-15:46:58] LogDev: info: Hooking ServerEndEditingBuildingActor with Idx 0x1028 (0x2594250)
[06/08/24-15:46:58] LogDev: info: Hooking Exec ServerLoadingScreenDropped at 0x12067d0
[06/08/24-15:46:58] LogDev: info: Getting name!
[06/08/24-15:46:58] LogDev: info: [ServerReadyToStartMatch] bHasValidateFunc: true
[06/08/24-15:46:58] LogDev: info: Hooking ServerReadyToStartMatch with Idx 0x1208 (0xf78a10)
[06/08/24-15:46:58] LogDev: info: Getting name!
[06/08/24-15:46:58] LogDev: info: [ServerPlaySquadQuickChatMessage] bHasValidateFunc: true
[06/08/24-15:46:58] LogDev: info: Hooking ServerPlaySquadQuickChatMessage with Idx 0x1b58 (0xf78290)
[06/08/24-15:46:58] LogDev: info: Getting name!
[06/08/24-15:46:58] LogDev: info: [ServerOnExitVehicle] bHasValidateFunc: false
[06/08/24-15:46:58] LogDev: info: Hooking 0xf2cea0
[06/08/24-15:46:58] LogDev: info: Getting name!
[06/08/24-15:46:58] LogDev: info: [ServerReviveFromDBNO] bHasValidateFunc: true
[06/08/24-15:46:58] LogDev: info: Hooking ServerReviveFromDBNO with Idx 0xc08 (0x2594250)
[06/08/24-15:46:58] LogDev: info: Hooking Exec GetAIDirector at 0x1291bd0
[06/08/24-15:46:58] LogDev: info: Hooking Exec GetAIGoalManager at 0x1291bd0
[06/08/24-15:46:58] LogDev: info: Hooking Exec K2_GiveItemToPlayer at 0x11a1b30
[06/08/24-15:46:58] LogDev: info: Hooking Exec K2_GiveBuildingResource at 0x11a1a40
[06/08/24-15:46:58] LogDev: info: Hooking Exec GiveItemToInventoryOwner at 0x11a0730
[06/08/24-15:46:58] LogDev: info: Hooking Exec K2_RemoveItemFromPlayer at 0x11a1f30
[06/08/24-15:46:58] LogDev: info: Hooking Exec NetMulticast_Athena_BatchedDamageCues at 0x121dcd0
[06/08/24-15:46:58] LogDev: info: Hooking Exec MovingEmoteStopped at 0x1138e90
[06/08/24-15:46:58] LogDev: info: Hooking Exec OnCapsuleBeginOverlap at 0x121f060
[06/08/24-15:46:58] LogDev: info: Hooking Exec K2_SpawnPickupInWorld at 0x11a2120
[06/08/24-15:46:58] LogDev: info: Hooking Exec PickLootDrops at 0x11a31a0
[06/08/24-15:46:58] LogDev: info: Hooking Exec SpawnPickup at 0x111f240
[06/08/24-15:46:58] LogDev: info: Getting name!
[06/08/24-15:46:58] LogDev: info: [ServerHandlePickup] bHasValidateFunc: true
[06/08/24-15:46:58] LogDev: info: Hooking ServerHandlePickup with Idx 0xc98 (0x2594250)
[06/08/24-15:46:58] LogDev: info: Getting name!
[06/08/24-15:46:58] LogDev: info: [ServerTryActivateAbilityWithEventData] bHasValidateFunc: true
[06/08/24-15:46:58] LogDev: info: InternalServerTryActivateAbilityIndex: 0xcb
[06/08/24-15:46:58] LogDev: info: Getting name!
[06/08/24-15:46:58] LogDev: info: [ServerAttemptAircraftJump] bHasValidateFunc: true
[06/08/24-15:46:58] LogDev: info: Hooking ServerAttemptAircraftJump with Idx 0x1ae8 (0xa609a0)
[06/08/24-15:46:58] LogDev: info: Hooking 0x2430f40
[06/08/24-15:46:58] LogDev: info: Hooking 0x232e8c0
[06/08/24-15:46:58] LogDev: info: Hooking 0x10d5c20
[06/08/24-15:46:58] LogDev: info: Hooking 0x257e1a0
[06/08/24-15:46:58] LogDev: info: Hooking 0xa265e0
[06/08/24-15:46:58] LogDev: info: Hooking 0xd62dc0
[06/08/24-15:46:58] LogDev: info: Hooking 0x-7ff7cbee0000
[06/08/24-15:46:58] LogDev: info: FindFunctionCall NameRef: 0x120009d
[06/08/24-15:46:58] LogDev: info: ServerRemoveInventoryItemFunctionCallRef: 0xf750da
[06/08/24-15:46:58] LogDev: info: Hooking 0xf750b0
[06/08/24-15:46:58] LogDev: info: Hooking 0xa31c60
[06/08/24-15:46:58] LogDev: info: Hooking 0xa4eba0
[06/08/24-15:46:58] LogDev: info: FindFunctionCall NameRef: 0x12153ad
[06/08/24-15:46:58] LogDev: info: ClientOnPawnDiedCallAddr: 0x1215330
[06/08/24-15:46:58] LogDev: info: Hooking 0x1215330
[06/08/24-15:46:58] LogDev: info: PredictionKeySize: 0x18 24
[06/08/24-15:46:58] LogDev: info: GameplayEventDataSize: 0xa8 168
[06/08/24-15:46:58] LogDev: info: CorrectTags: 0x10f8
[06/08/24-15:46:58] LogHook: info: Finished initialization!
[06/08/24-15:47:05] LogDev: info: Initializing!
[06/08/24-15:47:05] LogDev: info: GameMode 0x216ea4e40c0
[06/08/24-15:47:05] LogDev: info: Initialized!
[06/08/24-15:47:05] LogNet: info: Attempting to listen!
[06/08/24-15:47:05] LogNet: info: Listening on port 7777!
[06/08/24-15:47:05] LogNet: info: WorldLevel 1
[06/08/24-15:47:05] LogDev: info: bShouldUseReplicationGraph: true
